0 info it worked if it ends with ok
1 verbose cli [ '/Users/andy/private/tool/node-v0.10.33-darwin-x64/bin/node',
1 verbose cli   '/Users/andy/private/tool/node-v0.10.33-darwin-x64/bin/npm',
1 verbose cli   'publish' ]
2 info using npm@1.4.28
3 info using node@v0.10.33
4 verbose publish [ '.' ]
5 verbose cache add [ '.', null ]
6 verbose cache add name=undefined spec="." args=[".",null]
7 verbose parsed url { protocol: null,
7 verbose parsed url   slashes: null,
7 verbose parsed url   auth: null,
7 verbose parsed url   host: null,
7 verbose parsed url   port: null,
7 verbose parsed url   hostname: null,
7 verbose parsed url   hash: null,
7 verbose parsed url   search: null,
7 verbose parsed url   query: null,
7 verbose parsed url   pathname: '.',
7 verbose parsed url   path: '.',
7 verbose parsed url   href: '.' }
8 silly lockFile 3a52ce78- .
9 verbose lock . /Users/andy/.npm/3a52ce78-.lock
10 verbose tar pack [ '/Users/andy/.npm/app-parser/0.1.2/package.tgz', '.' ]
11 verbose tarball /Users/andy/.npm/app-parser/0.1.2/package.tgz
12 verbose folder .
13 info prepublish app-parser@0.1.2
14 silly lockFile 1f1177db-tar tar://.
15 verbose lock tar://. /Users/andy/.npm/1f1177db-tar.lock
16 silly lockFile 26c9d7ed-npm-app-parser-0-1-2-package-tgz tar:///Users/andy/.npm/app-parser/0.1.2/package.tgz
17 verbose lock tar:///Users/andy/.npm/app-parser/0.1.2/package.tgz /Users/andy/.npm/26c9d7ed-npm-app-parser-0-1-2-package-tgz.lock
18 silly lockFile 1f1177db-tar tar://.
19 silly lockFile 1f1177db-tar tar://.
20 silly lockFile 26c9d7ed-npm-app-parser-0-1-2-package-tgz tar:///Users/andy/.npm/app-parser/0.1.2/package.tgz
21 silly lockFile 26c9d7ed-npm-app-parser-0-1-2-package-tgz tar:///Users/andy/.npm/app-parser/0.1.2/package.tgz
22 silly lockFile 78826c31-ndy-npm-app-parser-0-1-2-package /Users/andy/.npm/app-parser/0.1.2/package
23 verbose lock /Users/andy/.npm/app-parser/0.1.2/package /Users/andy/.npm/78826c31-ndy-npm-app-parser-0-1-2-package.lock
24 silly lockFile 78826c31-ndy-npm-app-parser-0-1-2-package /Users/andy/.npm/app-parser/0.1.2/package
25 silly lockFile 78826c31-ndy-npm-app-parser-0-1-2-package /Users/andy/.npm/app-parser/0.1.2/package
26 silly lockFile 3a52ce78- .
27 silly lockFile 3a52ce78- .
28 silly publish { name: 'app-parser',
28 silly publish   version: '0.1.2',
28 silly publish   description: 'app-parser ==========',
28 silly publish   main: 'index.js',
28 silly publish   scripts: { test: 'echo "Error: no test specified" && exit 1' },
28 silly publish   repository:
28 silly publish    { type: 'git',
28 silly publish      url: 'https://github.com/andy0323/app-parser.git' },
28 silly publish   author: '',
28 silly publish   license: 'ISC',
28 silly publish   bugs: { url: 'https://github.com/andy0323/app-parser/issues' },
28 silly publish   homepage: 'https://github.com/andy0323/app-parser',
28 silly publish   dependencies: { shelljs: '^0.3.0' },
28 silly publish   readme: 'app-parser\n==========\n',
28 silly publish   readmeFilename: 'README.md',
28 silly publish   gitHead: 'a8a03303ea71f335cbcfabf49c2970dc8b841438',
28 silly publish   _id: 'app-parser@0.1.2',
28 silly publish   _shasum: '26639d18cd331462c1fbf42ab00b8ac6c210eaf2',
28 silly publish   _from: '.' }
29 verbose request where is /app-parser
30 verbose request registry https://registry.npmjs.org/
31 verbose request id 2c399b5c2101f95a
32 verbose url raw /app-parser
33 verbose url resolving [ 'https://registry.npmjs.org/', './app-parser' ]
34 verbose url resolved https://registry.npmjs.org/app-parser
35 verbose request where is https://registry.npmjs.org/app-parser
36 info trying registry request attempt 1 at 17:38:11
37 http PUT https://registry.npmjs.org/app-parser
38 http 403 https://registry.npmjs.org/app-parser
39 verbose headers { date: 'Tue, 16 Dec 2014 09:38:14 GMT',
39 verbose headers   server: 'CouchDB/1.5.0 (Erlang OTP/R16B03)',
39 verbose headers   'content-type': 'application/json',
39 verbose headers   'cache-control': 'max-age=60',
39 verbose headers   'content-length': '2066',
39 verbose headers   'accept-ranges': 'bytes',
39 verbose headers   via: '1.1 varnish',
39 verbose headers   'x-served-by': 'cache-ty67-TYO',
39 verbose headers   'x-cache': 'MISS',
39 verbose headers   'x-cache-hits': '0',
39 verbose headers   'x-timer': 'S1418722694.521979,VS0,VE131',
39 verbose headers   'keep-alive': 'timeout=10, max=50',
39 verbose headers   connection: 'Keep-Alive' }
40 error publish Failed PUT 403
41 error Error: forbidden cannot modify pre-existing version: 0.1.2
41 error old={"name":"app-parser","version":"0.1.2","description":"app-parser ==========","main":"index.js","scripts":{"test":"echo \"Error: no test specified\" && exit 1"},"repository":{"type":"git","url":"https://github.com/andy0323/app-parser.git"},"author":"","license":"ISC","bugs":{"url":"https://github.com/andy0323/app-parser/issues"},"homepage":"https://github.com/andy0323/app-parser","dependencies":{"shelljs":"^0.3.0"},"gitHead":"a8a03303ea71f335cbcfabf49c2970dc8b841438","_id":"app-parser@0.1.2","_shasum":"8fe93e87a938d45f429c411ad98457b15ad624bf","_from":".","_npmVersion":"1.4.28","_npmUser":{"name":"andy0323","email":"andy_ios@163.com"},"maintainers":[{"name":"andy0323","email":"andy_ios@163.com"}],"dist":{"shasum":"8fe93e87a938d45f429c411ad98457b15ad624bf","tarball":"http://registry.npmjs.org/app-parser/-/app-parser-0.1.2.tgz"}}
41 error new={"name":"app-parser","version":"0.1.2","description":"app-parser ==========","main":"index.js","scripts":{"test":"echo \"Error: no test specified\" && exit 1"},"repository":{"type":"git","url":"https://github.com/andy0323/app-parser.git"},"author":"","license":"ISC","bugs":{"url":"https://github.com/andy0323/app-parser/issues"},"homepage":"https://github.com/andy0323/app-parser","dependencies":{"shelljs":"^0.3.0"},"readme":"app-parser\u000a==========\u000a","readmeFilename":"README.md","gitHead":"a8a03303ea71f335cbcfabf49c2970dc8b841438","_id":"app-parser@0.1.2","_shasum":"26639d18cd331462c1fbf42ab00b8ac6c210eaf2","_from":".","_npmVersion":"1.4.28","_npmUser":{"name":"andy0323","email":"andy_ios@163.com"},"maintainers":[{"name":"andy0323","email":"andy_ios@163.com"}],"dist":{"shasum":"26639d18cd331462c1fbf42ab00b8ac6c210eaf2","tarball":"http://registry.npmjs.org/app-parser/-/app-parser-0.1.2.tgz"}}: app-parser
41 error     at RegClient.<anonymous> (/Users/andy/private/tool/node-v0.10.33-darwin-x64/lib/node_modules/npm/node_modules/npm-registry-client/lib/request.js:308:14)
41 error     at Request._callback (/Users/andy/private/tool/node-v0.10.33-darwin-x64/lib/node_modules/npm/node_modules/npm-registry-client/lib/request.js:246:65)
41 error     at Request.self.callback (/Users/andy/private/tool/node-v0.10.33-darwin-x64/lib/node_modules/npm/node_modules/request/request.js:236:22)
41 error     at Request.emit (events.js:98:17)
41 error     at Request.<anonymous> (/Users/andy/private/tool/node-v0.10.33-darwin-x64/lib/node_modules/npm/node_modules/request/request.js:1142:14)
41 error     at Request.emit (events.js:117:20)
41 error     at IncomingMessage.<anonymous> (/Users/andy/private/tool/node-v0.10.33-darwin-x64/lib/node_modules/npm/node_modules/request/request.js:1096:12)
41 error     at IncomingMessage.emit (events.js:117:20)
41 error     at _stream_readable.js:943:16
41 error     at process._tickCallback (node.js:419:13)
42 error If you need help, you may report this *entire* log,
42 error including the npm and node versions, at:
42 error     <http://github.com/npm/npm/issues>
43 error System Darwin 13.4.0
44 error command "/Users/andy/private/tool/node-v0.10.33-darwin-x64/bin/node" "/Users/andy/private/tool/node-v0.10.33-darwin-x64/bin/npm" "publish"
45 error cwd /Users/andy/private/github/andy0323/node/app-parser
46 error node -v v0.10.33
47 error npm -v 1.4.28
48 verbose exit [ 1, true ]
